<?xml version="1.0" encoding="UTF-8"?>
<!-- Generated by org.testng.reporters.JUnitReportReporter -->
<testsuite hostname="DESKTOP-BE5FK59" failures="0" tests="1" name="jenkinspracticepackage.Jenkinstest" time="0.026" errors="0" timestamp="2022-09-30T15:27:14 IST" skipped="0">
  <testcase classname="jenkinspracticepackage.Jenkinstest" name="create" time="0.026"/>
  <system-out/>
</testsuite> <!-- jenkinspracticepackage.Jenkinstest -->
